<?xml version="1.0" encoding="UTF-8"?>
<!-- Generated by org.testng.reporters.JUnitReportReporter -->
<testsuite skipped="0" hostname="LAPTOP-FF2L4K4A" name="tests.Runner" tests="1" failures="0" timestamp="2023-06-20T23:06:30 IST" time="19.706" errors="0">
  <testcase name="runScenario" time="19.706" classname="tests.Runner"/>
  <system-out/>
</testsuite> <!-- tests.Runner -->
